[2025-10-23 12:34:44,278] multiqc                                            [DEBUG  ]  This is MultiQC v1.19
[2025-10-23 12:34:44,279] multiqc                                            [DEBUG  ]  Command used: /usr/local/bin/multiqc .
[2025-10-23 12:34:45,159] multiqc                                            [WARNING]  MultiQC Version v1.31 now available!
[2025-10-23 12:34:45,159] multiqc                                            [DEBUG  ]  Working dir : /scratch/pawsey1227/michaelgeaghan/03.diy_workflow/work/9a/6597f78e315de0ac51509c8a8fa174
[2025-10-23 12:34:45,159] multiqc                                            [DEBUG  ]  Template    : default
[2025-10-23 12:34:45,159] multiqc                                            [DEBUG  ]  Running Python 3.11.7 | packaged by conda-forge | (main, Dec 15 2023, 08:38:37) [GCC 12.3.0]
[2025-10-23 12:34:45,160] multiqc                                            [DEBUG  ]  Analysing modules: custom_content, ccs, ngsderive, purple, conpair, lima, peddy, somalier, methylQA, mosdepth, phantompeakqualtools, qualimap, preseq, hifiasm, quast, qorts, rna_seqc, rockhopper, rsem, rseqc, busco, bustools, goleft_indexcov, gffcompare, disambiguate, supernova, deeptools, sargasso, verifybamid, mirtrace, happy, mirtop, sambamba, gopeaks, homer, hops, macs2, theta2, snpeff, gatk, htseq, bcftools, featureCounts, fgbio, dragen, dragen_fastqc, dedup, pbmarkdup, damageprofiler, mapdamage, biobambam2, jcvi, mtnucratio, picard, vep, bakta, prokka, qc3C, nanostat, samblaster, samtools, sexdeterrmine, seqera_cli, eigenstratdatabasetools, bamtools, jellyfish, vcftools, longranger, stacks, varscan2, snippy, umitools, truvari, bbmap, bismark, biscuit, diamond, hicexplorer, hicup, hicpro, salmon, kallisto, slamdunk, star, hisat2, tophat, bowtie2, bowtie1, cellranger, snpsplit, odgi, pangolin, nextclade, freyja, humid, kat, leehom, librarian, adapterRemoval, bbduk, clipandmerge, cutadapt, flexbar, sourmash, kaiju, bracken, kraken, malt, motus, trimmomatic, sickle, skewer, sortmerna, biobloomtools, fastq_screen, afterqc, fastp, fastqc, filtlong, prinseqplusplus, pychopper, porechop, pycoqc, minionqc, anglerfish, multivcfanalyzer, clusterflow, checkqc, bcl2fastq, bclconvert, interop, ivar, flash, seqyclean, optitype, whatshap, xenome, xengsort
[2025-10-23 12:34:45,160] multiqc                                            [DEBUG  ]  Using temporary directory for creating report: /tmp/tmp5bv2hvkh
[2025-10-23 12:34:45,162] multiqc                                            [INFO   ]  Search path : /scratch/pawsey1227/michaelgeaghan/03.diy_workflow/work/9a/6597f78e315de0ac51509c8a8fa174
[2025-10-23 12:34:45,262] multiqc                                            [DEBUG  ]  Summary of files that were skipped by the search: [skipped_module_specific_max_filesize: 35] // [skipped_no_match: 9]
[2025-10-23 12:34:46,266] multiqc.plots.bargraph                             [DEBUG  ]  Using matplotlib version 3.8.2
[2025-10-23 12:34:46,271] multiqc.plots.linegraph                            [DEBUG  ]  Using matplotlib version 3.8.2
[2025-10-23 12:34:46,273] multiqc                                            [DEBUG  ]  No samples found: custom_content
[2025-10-23 12:34:46,280] multiqc.modules.bcftools.bcftools                  [INFO   ]  Found 1 stats reports
[2025-10-23 12:34:46,296] multiqc.modules.fastqc.fastqc                      [INFO   ]  Found 2 reports
[2025-10-23 12:34:46,311] multiqc.utils.software_versions                    [DEBUG  ]  Reading software versions from config.software_versions
[2025-10-23 12:34:46,316] multiqc                                            [DEBUG  ]  Compressing plot data
[2025-10-23 12:34:46,341] multiqc                                            [INFO   ]  Report      : multiqc_report.html
[2025-10-23 12:34:46,341] multiqc                                            [INFO   ]  Data        : multiqc_data
[2025-10-23 12:34:46,341] multiqc                                            [DEBUG  ]  Moving data file from '/tmp/tmp5bv2hvkh/multiqc_data' to '/scratch/pawsey1227/michaelgeaghan/03.diy_workflow/work/9a/6597f78e315de0ac51509c8a8fa174/multiqc_data'
[2025-10-23 12:34:46,357] multiqc                                            [DEBUG  ]  Full report path: /scratch/pawsey1227/michaelgeaghan/03.diy_workflow/work/9a/6597f78e315de0ac51509c8a8fa174/multiqc_report.html
[2025-10-23 12:34:46,430] multiqc                                            [INFO   ]  MultiQC complete
